#
# A fatal error has been detected by the Java Runtime Environment:
#
#  SIGSEGV (0xb) at pc=0x00007fff9200674d, pid=1346, tid=1799
#
# JRE version: 7.0_15-b03
# Java VM: Java HotSpot(TM) 64-Bit Server VM (23.7-b01 mixed mode bsd-amd64 compressed oops)
# Problematic frame:
# C  [libobjc.A.dylib+0x774d]  objc_msgSend_vtable14+0xd
#
# Failed to write core dump. Core dumps have been disabled. To enable core dumping, try "ulimit -c unlimited" before starting Java again
#
# If you would like to submit a bug report, please visit:
#   http://bugreport.sun.com/bugreport/crash.jsp
# The crash happened outside the Java Virtual Machine in native code.
# See problematic frame for where to report the bug.
#

---------------  T H R E A D  ---------------

Current thread (0x00007f9c1d800000):  JavaThread "AppKit Thread" daemon [_thread_in_native, id=1799, stack(0x00007fff53da4000,0x00007fff545a4000)]

siginfo:si_signo=SIGSEGV: si_errno=0, si_code=1 (SEGV_MAPERR), si_addr=0x0000000000006000

Registers:
RAX=0x0000000000000040, RBX=0x00007f9c1ecc6f40, RCX=0x00007fff5459fad0, RDX=0x00007fff7911c460
RSP=0x00007fff5459fb18, RBP=0x00007fff5459fb40, RSI=0x00007fff78c7da90, RDI=0x0000000000006000
R8 =0x0000000000002060, R9 =0x00007fff5459fad0, R10=0x00007f9c1aca96e0, R11=0x00007fff78c2d848
R12=0x000000000000000b, R13=0x00007f9c1ecc6f40, R14=0x0000000000000002, R15=0x00007f9c1ecc6f40
RIP=0x00007fff9200674d, EFLAGS=0x0000000000010246, ERR=0x0000000000000004
  TRAPNO=0x000000000000000e

Top of Stack: (sp=0x00007fff5459fb18)
0x00007fff5459fb18:   00007fff90595641 00007fff5459fb40
0x00007fff5459fb28:   00007fff920206f1 00007f9c19c057d0
0x00007fff5459fb38:   000000000000000a 00007fff5459fb90
0x00007fff5459fb48:   00007fff8cba585a 000000000000000b
0x00007fff5459fb58:   00007fff8cbcca75 0000000100400000
0x00007fff5459fb68:   000000000000000a 000000000000000b
0x00007fff5459fb78:   00007f9c1ecc6f40 0000000000000002
0x00007fff5459fb88:   00007fff784d6fd0 00007fff5459fcb0
0x00007fff5459fb98:   00007fff8cbccc25 00007fff5459fbd8
0x00007fff5459fba8:   00007f9c1ecc66c0 00007fff78fe1c08
0x00007fff5459fbb8:   00007fff78fe1c00 00007fff5459fbf0
0x00007fff5459fbc8:   00007fff8e1f5826 0000000000000bd1
0x00007fff5459fbd8:   00007fff5459fc74 00007f9c1c963e00
0x00007fff5459fbe8:   00007fff78fe1cc8 00007fff5459fc48
0x00007fff5459fbf8:   00007fff78fe1cc0 00007fff5459fc30
0x00007fff5459fc08:   00007fff92007d3b 0000000000000000
0x00007fff5459fc18:   00007f9c1c963e00 00000000000001c8
0x00007fff5459fc28:   00007fff78fe1cc8 00007fff5459fc90
0x00007fff5459fc38:   00007fff92007f98 ffffffffffffffff
0x00007fff5459fc48:   00007f9c1ecc70d0 00007f9c1ecc66e0
0x00007fff5459fc58:   0000000000000000 0000000000000000
0x00007fff5459fc68:   0000000000000000 0000000000000000
0x00007fff5459fc78:   0000000000000000 8a0006f63c58f287
0x00007fff5459fc88:   00007f9c1acaf090 00007f9c1acbc040
0x00007fff5459fc98:   0000000000000000 00007fff78c7da90
0x00007fff5459fca8:   00007f9c1aca4790 00007fff5459fce0
0x00007fff5459fcb8:   00007fff905955dd 00007fff5459fce0
0x00007fff5459fcc8:   00007fff920206f1 00007f9c19c057d0
0x00007fff5459fcd8:   00007f9c1aca4790 00007fff5459fd10
0x00007fff5459fce8:   00007fff903c30b0 00007fff5459fd10
0x00007fff5459fcf8:   00007fff920206f1 00007f9c1ac8c620
0x00007fff5459fd08:   0000000000000000 00007fff5459fd60 

Instructions: (pc=0x00007fff9200674d)
0x00007fff9200672d:   14 c2 49 8b 42 18 48 8b 76 08 ff 60 68 66 0f 1f
0x00007fff9200673d:   44 00 00 48 85 ff 74 16 f7 c7 01 00 00 00 75 12
0x00007fff9200674d:   48 8b 07 48 8b 40 18 48 8b 76 08 ff 60 70 31 c0
0x00007fff9200675d:   c3 90 89 f8 83 e0 0f 4c 8d 15 dd 59 fd e6 4d 8b 

Register to memory mapping:

RAX=0x0000000000000040 is an unknown value
RBX=0x00007f9c1ecc6f40 is an unknown value
RCX=0x00007fff5459fad0 is pointing into the stack for thread: 0x00007f9c1d800000
RDX=0x00007fff7911c460: _ZL15gIconRefAPILock+0x18 in /System/Library/Frameworks/CoreServices.framework/Versions/A/Frameworks/LaunchServices.framework/Versions/A/LaunchServices at 0x00007fff92881000
RSP=0x00007fff5459fb18 is pointing into the stack for thread: 0x00007f9c1d800000
RBP=0x00007fff5459fb40 is pointing into the stack for thread: 0x00007f9c1d800000
RSI=0x00007fff78c7da90: <offset 0xe8a04a90> in /System/Library/Frameworks/AppKit.framework/Versions/C/AppKit at 0x00007fff90279000
RDI=0x0000000000006000 is an unknown value
R8 =0x0000000000002060 is an unknown value
R9 =0x00007fff5459fad0 is pointing into the stack for thread: 0x00007f9c1d800000
R10=0x00007f9c1aca96e0 is an unknown value
R11=0x00007fff78c2d848: <offset 0xe89b4848> in /System/Library/Frameworks/AppKit.framework/Versions/C/AppKit at 0x00007fff90279000
R12=0x000000000000000b is an unknown value
R13=0x00007f9c1ecc6f40 is an unknown value
R14=0x0000000000000002 is an unknown value
R15=0x00007f9c1ecc6f40 is an unknown value


Stack: [0x00007fff53da4000,0x00007fff545a4000],  sp=0x00007fff5459fb18,  free space=8174k
Native frames: (J=compiled Java code, j=interpreted, Vv=VM code, C=native code)
C  [libobjc.A.dylib+0x774d]  objc_msgSend_vtable14+0xd
C  [CoreFoundation+0x885a]  CFRelease+0xaa
C  [CoreFoundation+0x2fc25]  -[__NSArrayM dealloc]+0xe5
C  [AppKit+0x31c5dd]  -[NSImageIconRefRepProvider dealloc]+0x34
C  [AppKit+0x14a0b0]  -[NSImage dealloc]+0x3d
C  [CoreFoundation+0x885a]  CFRelease+0xaa
C  [liblwawt.dylib+0x10f5b]  __Java_sun_lwawt_macosx_CFRetainedResource_nativeCFRelease_block_invoke_1+0x5b
C  [JavaNativeFoundation+0x65f5]  +[JNFRunLoop _performCopiedBlock:]+0x14
C  [Foundation+0x92677]  __NSThreadPerformPerform+0xe1
C  [CoreFoundation+0x12101]  __CFRUNLOOP_IS_CALLING_OUT_TO_A_SOURCE0_PERFORM_FUNCTION__+0x11
C  [CoreFoundation+0x11a25]  __CFRunLoopDoSources0+0xf5
C  [CoreFoundation+0x34dc5]  __CFRunLoopRun+0x315
C  [CoreFoundation+0x346b2]  CFRunLoopRunSpecific+0x122
C  [HIToolbox+0x600a4]  RunCurrentEventLoopInMode+0xd1
C  [HIToolbox+0x5fe42]  ReceiveNextEventCommon+0x164
C  [HIToolbox+0x5fcd3]  BlockUntilNextEventMatchingListInMode+0x3e
C  [AppKit+0x155613]  _DPSNextEvent+0x2ad
C  [AppKit+0x154ed2]  -[NSApplication nextEventMatchingMask:untilDate:inMode:dequeue:]+0x80
C  [libosxapp.dylib+0x1b56]  -[NSApplicationAWT nextEventMatchingMask:untilDate:inMode:dequeue:]+0x7c
C  [AppKit+0x14c283]  -[NSApplication run]+0x205
C  [libosxapp.dylib+0x19b9]  +[NSApplicationAWT runAWTLoopWithApp:]+0x9c
C  [liblwawt.dylib+0xd81a]  -[AWTStarter starter:]+0x637
C  [Foundation+0x92677]  __NSThreadPerformPerform+0xe1
C  [CoreFoundation+0x12101]  __CFRUNLOOP_IS_CALLING_OUT_TO_A_SOURCE0_PERFORM_FUNCTION__+0x11
C  [CoreFoundation+0x11a25]  __CFRunLoopDoSources0+0xf5
C  [CoreFoundation+0x34dc5]  __CFRunLoopRun+0x315
C  [CoreFoundation+0x346b2]  CFRunLoopRunSpecific+0x122
C  [java+0x742d]  CreateExecutionEnvironment+0x367
C  [java+0x1bdc]  JLI_Launch+0x7a0
C  [java+0x778a]  main+0x65
C  [java+0x1434]  start+0x34


---------------  P R O C E S S  ---------------

Java Threads: ( => current thread )
  0x00007f9c1a20a000 JavaThread "TimerQueue" daemon [_thread_blocked, id=57887, stack(0x000000016bcb0000,0x000000016bdb0000)]
  0x00007f9c1c96e000 JavaThread "DestroyJavaVM" [_thread_blocked, id=5891, stack(0x000000010c22e000,0x000000010c32e000)]
  0x00007f9c1b8e4800 JavaThread "AWT-EventQueue-0" [_thread_in_Java, id=44035, stack(0x0000000160716000,0x0000000160816000)]
  0x00007f9c1c86f000 JavaThread "Java2D Disposer" daemon [_thread_blocked, id=40963, stack(0x0000000160137000,0x0000000160237000)]
  0x00007f9c1a095000 JavaThread "Java2D Queue Flusher" daemon [_thread_blocked, id=28947, stack(0x000000015f00a000,0x000000015f10a000)]
  0x00007f9c1d803000 JavaThread "AWT-Shutdown" [_thread_blocked, id=21767, stack(0x000000015b30b000,0x000000015b40b000)]
=>0x00007f9c1d800000 JavaThread "AppKit Thread" daemon [_thread_in_native, id=1799, stack(0x00007fff53da4000,0x00007fff545a4000)]
  0x00007f9c1b82e800 JavaThread "Service Thread" daemon [_thread_blocked, id=21251, stack(0x000000015ae38000,0x000000015af38000)]
  0x00007f9c1b82d800 JavaThread "C2 CompilerThread1" daemon [_thread_blocked, id=20995, stack(0x000000015ad35000,0x000000015ae35000)]
  0x00007f9c1b82c000 JavaThread "C2 CompilerThread0" daemon [_thread_blocked, id=20739, stack(0x000000015ac32000,0x000000015ad32000)]
  0x00007f9c1b82b000 JavaThread "Signal Dispatcher" daemon [_thread_blocked, id=20483, stack(0x000000015ab2f000,0x000000015ac2f000)]
  0x00007f9c1b805000 JavaThread "Finalizer" daemon [_thread_in_native, id=16131, stack(0x000000015a8ea000,0x000000015a9ea000)]
  0x00007f9c1b804000 JavaThread "Reference Handler" daemon [_thread_blocked, id=15875, stack(0x000000015a7e7000,0x000000015a8e7000)]

Other Threads:
  0x00007f9c1b055000 VMThread [stack: 0x000000015a6e4000,0x000000015a7e4000] [id=15619]
  0x00007f9c1b811800 WatcherThread [stack: 0x000000015af3b000,0x000000015b03b000] [id=21507]

VM state:not at safepoint (normal execution)

VM Mutex/Monitor currently owned by a thread: None

Heap
 PSYoungGen      total 19264K, used 4196K [0x000000013f840000, 0x0000000140dc0000, 0x00000001550e0000)
  eden space 16512K, 8% used [0x000000013f840000,0x000000013f9ab718,0x0000000140860000)
  from space 2752K, 99% used [0x0000000140860000,0x0000000140b0dcb0,0x0000000140b10000)
  to   space 2752K, 0% used [0x0000000140b10000,0x0000000140b10000,0x0000000140dc0000)
 ParOldGen       total 44096K, used 5688K [0x00000001146e0000, 0x00000001171f0000, 0x000000013f840000)
  object space 44096K, 12% used [0x00000001146e0000,0x0000000114c6e238,0x00000001171f0000)
 PSPermGen       total 21248K, used 15507K [0x000000010f4e0000, 0x00000001109a0000, 0x00000001146e0000)
  object space 21248K, 72% used [0x000000010f4e0000,0x0000000110404f28,0x00000001109a0000)

Card table byte_map: [0x00000001550e0000,0x000000015530f000] byte_map_base: 0x0000000154865900

Polling page: 0x000000010c36d000

Code Cache  [0x000000010c403000, 0x000000010c673000, 0x000000010f403000)
 total_blobs=577 nmethods=72 adapters=457 free_code_cache=48493Kb largest_free_block=49637696

Compilation events (10 events):
Event: 18.927 Thread 0x00007f9c1b82c000   66             java.util.concurrent.locks.ReentrantLock::lock (8 bytes)
Event: 18.927 Thread 0x00007f9c1b82d800   67             java.util.concurrent.locks.ReentrantLock$NonfairSync::lock (25 bytes)
Event: 18.928 Thread 0x00007f9c1b82d800 nmethod 67 0x000000010c4aa910 code [0x000000010c4aaa80, 0x000000010c4aabb0]
Event: 18.928 Thread 0x00007f9c1b82c000 nmethod 66 0x000000010c4a88d0 code [0x000000010c4a8a40, 0x000000010c4a8b90]
Event: 19.287 Thread 0x00007f9c1b82d800   68             sun.java2d.pipe.RenderBuffer::putInt (26 bytes)
Event: 19.288 Thread 0x00007f9c1b82d800 nmethod 68 0x000000010c4a5990 code [0x000000010c4a5ac0, 0x000000010c4a5b58]
Event: 20.175 Thread 0x00007f9c1b82c000   69             java.lang.String::lastIndexOf (151 bytes)
Event: 20.178 Thread 0x00007f9c1b82d800   70             java.util.ArrayList::indexOf (67 bytes)
Event: 20.179 Thread 0x00007f9c1b82c000 nmethod 69 0x000000010c4a6dd0 code [0x000000010c4a6f20, 0x000000010c4a71b8]
Event: 20.179 Thread 0x00007f9c1b82d800 nmethod 70 0x000000010c4a6a10 code [0x000000010c4a6b60, 0x000000010c4a6c98]

GC Heap History (2 events):
Event: 20.195 GC heap before
{Heap before GC invocations=1 (full 0):
 PSYoungGen      total 19264K, used 16512K [0x000000013f840000, 0x0000000140dc0000, 0x00000001550e0000)
  eden space 16512K, 100% used [0x000000013f840000,0x0000000140860000,0x0000000140860000)
  from space 2752K, 0% used [0x0000000140b10000,0x0000000140b10000,0x0000000140dc0000)
  to   space 2752K, 0% used [0x0000000140860000,0x0000000140860000,0x0000000140b10000)
 ParOldGen       total 44096K, used 0K [0x00000001146e0000, 0x00000001171f0000, 0x000000013f840000)
  object space 44096K, 0% used [0x00000001146e0000,0x00000001146e0000,0x00000001171f0000)
 PSPermGen       total 21248K, used 15279K [0x000000010f4e0000, 0x00000001109a0000, 0x00000001146e0000)
  object space 21248K, 71% used [0x000000010f4e0000,0x00000001103cbcb0,0x00000001109a0000)
Event: 20.204 GC heap after
Heap after GC invocations=1 (full 0):
 PSYoungGen      total 19264K, used 2743K [0x000000013f840000, 0x0000000140dc0000, 0x00000001550e0000)
  eden space 16512K, 0% used [0x000000013f840000,0x000000013f840000,0x0000000140860000)
  from space 2752K, 99% used [0x0000000140860000,0x0000000140b0dcb0,0x0000000140b10000)
  to   space 2752K, 0% used [0x0000000140b10000,0x0000000140b10000,0x0000000140dc0000)
 ParOldGen       total 44096K, used 5688K [0x00000001146e0000, 0x00000001171f0000, 0x000000013f840000)
  object space 44096K, 12% used [0x00000001146e0000,0x0000000114c6e238,0x00000001171f0000)
 PSPermGen       total 21248K, used 15279K [0x000000010f4e0000, 0x00000001109a0000, 0x00000001146e0000)
  object space 21248K, 71% used [0x000000010f4e0000,0x00000001103cbcb0,0x00000001109a0000)
}

Deoptimization events (5 events):
Event: 0.715 Thread 0x00007f9c1b000800 Uncommon trap -34 fr.pc 0x000000010c47db4c
Event: 0.715 Thread 0x00007f9c1b000800 Uncommon trap -34 fr.pc 0x000000010c47db4c
Event: 0.715 Thread 0x00007f9c1b000800 Uncommon trap -34 fr.pc 0x000000010c47db4c
Event: 0.715 Thread 0x00007f9c1b000800 Uncommon trap -34 fr.pc 0x000000010c47db4c
Event: 0.999 Thread 0x00007f9c1b8e4800 Uncommon trap 51 fr.pc 0x000000010c47f040

Internal exceptions (10 events):
Event: 20.190 Thread 0x00007f9c1b8e4800 Threw 0x00000001407fb2d8 at /HUDSON/workspace/jdk7u15-2-build-macosx-amd64-product/jdk7u15/hotspot/src/share/vm/prims/jvm.cpp:1166
Event: 20.191 Thread 0x00007f9c1b8e4800 Threw 0x000000014081f1f0 at /HUDSON/workspace/jdk7u15-2-build-macosx-amd64-product/jdk7u15/hotspot/src/share/vm/prims/jvm.cpp:1166
Event: 20.192 Thread 0x00007f9c1b8e4800 Threw 0x0000000140822e80 at /HUDSON/workspace/jdk7u15-2-build-macosx-amd64-product/jdk7u15/hotspot/src/share/vm/prims/jvm.cpp:1166
Event: 20.192 Thread 0x00007f9c1b8e4800 Threw 0x0000000140826f40 at /HUDSON/workspace/jdk7u15-2-build-macosx-amd64-product/jdk7u15/hotspot/src/share/vm/prims/jvm.cpp:1166
Event: 20.193 Thread 0x00007f9c1b8e4800 Threw 0x000000014082f330 at /HUDSON/workspace/jdk7u15-2-build-macosx-amd64-product/jdk7u15/hotspot/src/share/vm/prims/jvm.cpp:1166
Event: 20.204 Thread 0x00007f9c1b8e4800 Threw 0x000000013f840200 at /HUDSON/workspace/jdk7u15-2-build-macosx-amd64-product/jdk7u15/hotspot/src/share/vm/prims/jvm.cpp:1166
Event: 20.205 Thread 0x00007f9c1b8e4800 Threw 0x000000013f844858 at /HUDSON/workspace/jdk7u15-2-build-macosx-amd64-product/jdk7u15/hotspot/src/share/vm/prims/jvm.cpp:1166
Event: 20.206 Thread 0x00007f9c1b8e4800 Threw 0x000000013f85d470 at /HUDSON/workspace/jdk7u15-2-build-macosx-amd64-product/jdk7u15/hotspot/src/share/vm/prims/jvm.cpp:1166
Event: 20.206 Thread 0x00007f9c1b8e4800 Threw 0x000000013f860a90 at /HUDSON/workspace/jdk7u15-2-build-macosx-amd64-product/jdk7u15/hotspot/src/share/vm/prims/jvm.cpp:1166
Event: 20.207 Thread 0x00007f9c1b8e4800 Threw 0x000000013f86af48 at /HUDSON/workspace/jdk7u15-2-build-macosx-amd64-product/jdk7u15/hotspot/src/share/vm/prims/jvm.cpp:1166

Events (10 events):
Event: 20.206 loading class 0x00007f9c1a9e43e0
Event: 20.206 loading class 0x00007f9c1a9e43e0 done
Event: 20.206 loading class 0x00007f9c1ec83030
Event: 20.206 loading class 0x00007f9c1ec83030 done
Event: 20.207 Executing VM operation: RevokeBias
Event: 20.207 Executing VM operation: RevokeBias done
Event: 20.207 Executing VM operation: RevokeBias
Event: 20.207 Executing VM operation: RevokeBias done
Event: 20.207 loading class 0x00007f9c1ec81e10
Event: 20.207 loading class 0x00007f9c1ec81e10 done


Dynamic libraries:
0x0000000007ac1000 	/System/Library/Frameworks/Cocoa.framework/Versions/A/Cocoa
0x0000000007ac1000 	/System/Library/Frameworks/Security.framework/Versions/A/Security
0x0000000007ac1000 	/System/Library/Frameworks/ApplicationServices.framework/Versions/A/ApplicationServices
0x0000000007ac1000 	/usr/lib/libz.1.dylib
0x0000000007ac1000 	/usr/lib/libSystem.B.dylib
0x0000000007ac1000 	/usr/lib/libobjc.A.dylib
0x0000000007ac1000 	/System/Library/Frameworks/CoreFoundation.framework/Versions/A/CoreFoundation
0x0000000007ac1000 	/System/Library/Frameworks/AppKit.framework/Versions/C/AppKit
0x0000000007ac1000 	/System/Library/Frameworks/CoreData.framework/Versions/A/CoreData
0x0000000007ac1000 	/System/Library/Frameworks/Foundation.framework/Versions/C/Foundation
0x0000000007ac1000 	/System/Library/PrivateFrameworks/RemoteViewServices.framework/Versions/A/RemoteViewServices
0x0000000007ac1000 	/System/Library/Frameworks/AudioToolbox.framework/Versions/A/AudioToolbox
0x0000000007ac1000 	/System/Library/Frameworks/AudioUnit.framework/Versions/A/AudioUnit
0x0000000007ac1000 	/System/Library/PrivateFrameworks/DataDetectorsCore.framework/Versions/A/DataDetectorsCore
0x0000000007ac1000 	/System/Library/PrivateFrameworks/DesktopServicesPriv.framework/Versions/A/DesktopServicesPriv
0x0000000007ac1000 	/System/Library/Frameworks/Carbon.framework/Versions/A/Frameworks/HIToolbox.framework/Versions/A/HIToolbox
0x0000000007ac1000 	/System/Library/Frameworks/QuartzCore.framework/Versions/A/QuartzCore
0x0000000007ac1000 	/System/Library/Frameworks/Carbon.framework/Versions/A/Frameworks/SpeechRecognition.framework/Versions/A/SpeechRecognition
0x0000000007ac1000 	/usr/lib/libauto.dylib
0x0000000007ac1000 	/usr/lib/libicucore.A.dylib
0x0000000007ac1000 	/usr/lib/libxml2.2.dylib
0x0000000007ac1000 	/System/Library/PrivateFrameworks/CoreUI.framework/Versions/A/CoreUI
0x0000000007ac1000 	/System/Library/Frameworks/CoreAudio.framework/Versions/A/CoreAudio
0x0000000007ac1000 	/System/Library/Frameworks/DiskArbitration.framework/Versions/A/DiskArbitration
0x0000000007ac1000 	/usr/lib/liblangid.dylib
0x0000000007ac1000 	/System/Library/PrivateFrameworks/MultitouchSupport.framework/Versions/A/MultitouchSupport
0x0000000007ac1000 	/System/Library/Frameworks/IOKit.framework/Versions/A/IOKit
0x0000000007ac1000 	/usr/lib/libDiagnosticMessagesClient.dylib
0x0000000007ac1000 	/System/Library/Frameworks/CoreServices.framework/Versions/A/CoreServices
0x0000000007ac1000 	/System/Library/PrivateFrameworks/PerformanceAnalysis.framework/Versions/A/PerformanceAnalysis
0x0000000007ac1000 	/System/Library/PrivateFrameworks/GenerationalStorage.framework/Versions/A/GenerationalStorage
0x0000000007ac1000 	/System/Library/Frameworks/OpenGL.framework/Versions/A/OpenGL
0x0000000007ac1000 	/System/Library/Frameworks/CoreText.framework/Versions/A/CoreText
0x0000000007ac1000 	/System/Library/Frameworks/ImageIO.framework/Versions/A/ImageIO
0x0000000007ac1000 	/System/Library/PrivateFrameworks/Backup.framework/Versions/A/Backup
0x0000000007ac1000 	/System/Library/Frameworks/CFNetwork.framework/Versions/A/CFNetwork
0x0000000007ac1000 	/System/Library/Frameworks/SystemConfiguration.framework/Versions/A/SystemConfiguration
0x0000000007ac1000 	/usr/lib/libCRFSuite.dylib
0x0000000007ac1000 	/System/Library/PrivateFrameworks/TCC.framework/Versions/A/TCC
0x0000000007ac1000 	/usr/lib/libc++.1.dylib
0x0000000007ac1000 	/usr/lib/libc++abi.dylib
0x0000000007ac1000 	/usr/lib/system/libcache.dylib
0x0000000007ac1000 	/usr/lib/system/libcommonCrypto.dylib
0x0000000007ac1000 	/usr/lib/system/libcompiler_rt.dylib
0x0000000007ac1000 	/usr/lib/system/libcopyfile.dylib
0x0000000007ac1000 	/usr/lib/system/libdispatch.dylib
0x0000000007ac1000 	/usr/lib/system/libdnsinfo.dylib
0x0000000007ac1000 	/usr/lib/system/libdyld.dylib
0x0000000007ac1000 	/usr/lib/system/libkeymgr.dylib
0x0000000007ac1000 	/usr/lib/system/liblaunch.dylib
0x0000000007ac1000 	/usr/lib/system/libmacho.dylib
0x0000000007ac1000 	/usr/lib/system/libquarantine.dylib
0x0000000007ac1000 	/usr/lib/system/libremovefile.dylib
0x0000000007ac1000 	/usr/lib/system/libsystem_blocks.dylib
0x0000000007ac1000 	/usr/lib/system/libsystem_c.dylib
0x0000000007ac1000 	/usr/lib/system/libsystem_dnssd.dylib
0x0000000007ac1000 	/usr/lib/system/libsystem_info.dylib
0x0000000007ac1000 	/usr/lib/system/libsystem_kernel.dylib
0x0000000007ac1000 	/usr/lib/system/libsystem_m.dylib
0x0000000007ac1000 	/usr/lib/system/libsystem_network.dylib
0x0000000007ac1000 	/usr/lib/system/libsystem_notify.dylib
0x0000000007ac1000 	/usr/lib/system/libsystem_sandbox.dylib
0x0000000007ac1000 	/usr/lib/system/libunc.dylib
0x0000000007ac1000 	/usr/lib/system/libunwind.dylib
0x0000000007ac1000 	/usr/lib/system/libxpc.dylib
0x0000000007ac1000 	/usr/lib/system/libcorecrypto.dylib
0x0000000007ac1000 	/usr/lib/libstdc++.6.dylib
0x0000000007ac1000 	/usr/lib/libbsm.0.dylib
0x0000000007ac1000 	/usr/lib/libsqlite3.dylib
0x0000000007ac1000 	/usr/lib/libxar.1.dylib
0x0000000007ac1000 	/usr/lib/libpam.2.dylib
0x0000000007ac1000 	/usr/lib/libOpenScriptingUtil.dylib
0x0000000007ac1000 	/usr/lib/libbz2.1.0.dylib
0x0000000007ac1000 	/System/Library/Frameworks/CoreServices.framework/Versions/A/Frameworks/CarbonCore.framework/Versions/A/CarbonCore
0x0000000007ac1000 	/System/Library/Frameworks/CoreServices.framework/Versions/A/Frameworks/Metadata.framework/Versions/A/Metadata
0x0000000007ac1000 	/System/Library/Frameworks/CoreServices.framework/Versions/A/Frameworks/OSServices.framework/Versions/A/OSServices
0x0000000007ac1000 	/System/Library/Frameworks/CoreServices.framework/Versions/A/Frameworks/SearchKit.framework/Versions/A/SearchKit
0x0000000007ac1000 	/System/Library/Frameworks/CoreServices.framework/Versions/A/Frameworks/AE.framework/Versions/A/AE
0x0000000007ac1000 	/System/Library/Frameworks/CoreServices.framework/Versions/A/Frameworks/LaunchServices.framework/Versions/A/LaunchServices
0x0000000007ac1000 	/System/Library/Frameworks/CoreServices.framework/Versions/A/Frameworks/DictionaryServices.framework/Versions/A/DictionaryServices
0x0000000007ac1000 	/System/Library/Frameworks/NetFS.framework/Versions/A/NetFS
0x0000000007ac1000 	/usr/lib/system/libkxld.dylib
0x0000000007ac1000 	/System/Library/PrivateFrameworks/NetAuth.framework/Versions/A/NetAuth
0x0000000007ac1000 	/System/Library/Frameworks/OpenDirectory.framework/Versions/A/Frameworks/CFOpenDirectory.framework/Versions/A/CFOpenDirectory
0x0000000007ac1000 	/usr/lib/libxslt.1.dylib
0x0000000007ac1000 	/System/Library/PrivateFrameworks/FamilyControls.framework/Versions/A/FamilyControls
0x0000000007ac1000 	/System/Library/Frameworks/Carbon.framework/Versions/A/Frameworks/Ink.framework/Versions/A/Ink
0x0000000007ac1000 	/System/Library/Frameworks/ApplicationServices.framework/Versions/A/Frameworks/CoreGraphics.framework/Versions/A/CoreGraphics
0x0000000007ac1000 	/System/Library/Frameworks/ApplicationServices.framework/Versions/A/Frameworks/ATS.framework/Versions/A/ATS
0x0000000007ac1000 	/System/Library/Frameworks/ApplicationServices.framework/Versions/A/Frameworks/ColorSync.framework/Versions/A/ColorSync
0x0000000007ac1000 	/System/Library/Frameworks/ApplicationServices.framework/Versions/A/Frameworks/HIServices.framework/Versions/A/HIServices
0x0000000007ac1000 	/System/Library/Frameworks/ApplicationServices.framework/Versions/A/Frameworks/LangAnalysis.framework/Versions/A/LangAnalysis
0x0000000007ac1000 	/System/Library/Frameworks/ApplicationServices.framework/Versions/A/Frameworks/PrintCore.framework/Versions/A/PrintCore
0x0000000007ac1000 	/System/Library/Frameworks/ApplicationServices.framework/Versions/A/Frameworks/QD.framework/Versions/A/QD
0x0000000007ac1000 	/System/Library/Frameworks/ApplicationServices.framework/Versions/A/Frameworks/SpeechSynthesis.framework/Versions/A/SpeechSynthesis
0x0000000007ac1000 	/System/Library/Frameworks/IOSurface.framework/Versions/A/IOSurface
0x0000000007ac1000 	/System/Library/Frameworks/Accelerate.framework/Versions/A/Accelerate
0x0000000007ac1000 	/System/Library/Frameworks/ApplicationServices.framework/Versions/A/Frameworks/ATS.framework/Versions/A/Resources/libFontParser.dylib
0x0000000007ac1000 	/System/Library/Frameworks/ApplicationServices.framework/Versions/A/Frameworks/ATS.framework/Versions/A/Resources/libFontRegistry.dylib
0x0000000007ac1000 	/System/Library/Frameworks/Accelerate.framework/Versions/A/Frameworks/vImage.framework/Versions/A/vImage
0x0000000007ac1000 	/System/Library/Frameworks/Accelerate.framework/Versions/A/Frameworks/vecLib.framework/Versions/A/vecLib
0x0000000007ac1000 	/System/Library/Frameworks/Accelerate.framework/Versions/A/Frameworks/vecLib.framework/Versions/A/libvDSP.dylib
0x0000000007ac1000 	/System/Library/Frameworks/Accelerate.framework/Versions/A/Frameworks/vecLib.framework/Versions/A/libvMisc.dylib
0x0000000007ac1000 	/System/Library/Frameworks/Accelerate.framework/Versions/A/Frameworks/vecLib.framework/Versions/A/libLAPACK.dylib
0x0000000007ac1000 	/System/Library/Frameworks/Accelerate.framework/Versions/A/Frameworks/vecLib.framework/Versions/A/libBLAS.dylib
0x0000000007ac1000 	/System/Library/Frameworks/ImageIO.framework/Versions/A/Resources/libJPEG.dylib
0x0000000007ac1000 	/System/Library/Frameworks/ImageIO.framework/Versions/A/Resources/libTIFF.dylib
0x0000000007ac1000 	/System/Library/Frameworks/ImageIO.framework/Versions/A/Resources/libPng.dylib
0x0000000007ac1000 	/System/Library/Frameworks/ImageIO.framework/Versions/A/Resources/libGIF.dylib
0x0000000007ac1000 	/System/Library/Frameworks/ImageIO.framework/Versions/A/Resources/libJP2.dylib
0x0000000007ac1000 	/System/Library/Frameworks/ImageIO.framework/Versions/A/Resources/libRadiance.dylib
0x0000000007ac1000 	/usr/lib/libcups.2.dylib
0x0000000007ac1000 	/System/Library/Frameworks/Kerberos.framework/Versions/A/Kerberos
0x0000000007ac1000 	/System/Library/Frameworks/GSS.framework/Versions/A/GSS
0x0000000007ac1000 	/usr/lib/libresolv.9.dylib
0x0000000007ac1000 	/usr/lib/libiconv.2.dylib
0x0000000007ac1000 	/System/Library/PrivateFrameworks/Heimdal.framework/Versions/A/Heimdal
0x0000000007ac1000 	/System/Library/PrivateFrameworks/TrustEvaluationAgent.framework/Versions/A/TrustEvaluationAgent
0x0000000007ac1000 	/System/Library/Frameworks/OpenDirectory.framework/Versions/A/OpenDirectory
0x0000000007ac1000 	/System/Library/PrivateFrameworks/CommonAuth.framework/Versions/A/CommonAuth
0x0000000007ac1000 	/System/Library/PrivateFrameworks/Bom.framework/Versions/A/Bom
0x0000000007ac1000 	/System/Library/Frameworks/CoreVideo.framework/Versions/A/CoreVideo
0x0000000007ac1000 	/System/Library/Frameworks/QuartzCore.framework/Versions/A/Frameworks/CoreImage.framework/Versions/A/CoreImage
0x0000000007ac1000 	/System/Library/Frameworks/QuartzCore.framework/Versions/A/Frameworks/ScalableUserInterface.framework/Versions/A/ScalableUserInterface
0x0000000007ac1000 	/System/Library/Frameworks/OpenGL.framework/Versions/A/Libraries/libGLU.dylib
0x0000000007ac1000 	/System/Library/Frameworks/OpenGL.framework/Versions/A/Libraries/libGFXShared.dylib
0x0000000007ac1000 	/System/Library/Frameworks/OpenGL.framework/Versions/A/Libraries/libGL.dylib
0x0000000007ac1000 	/System/Library/Frameworks/OpenGL.framework/Versions/A/Libraries/libGLImage.dylib
0x0000000007ac1000 	/System/Library/Frameworks/OpenGL.framework/Versions/A/Libraries/libCVMSPluginSupport.dylib
0x0000000007ac1000 	/System/Library/Frameworks/OpenGL.framework/Versions/A/Libraries/libCoreVMClient.dylib
0x0000000007ac1000 	/System/Library/PrivateFrameworks/CrashReporterSupport.framework/Versions/A/CrashReporterSupport
0x0000000007ac1000 	/System/Library/Frameworks/OpenCL.framework/Versions/A/OpenCL
0x0000000007ac1000 	/System/Library/PrivateFrameworks/FaceCoreLight.framework/Versions/A/FaceCoreLight
0x0000000007ac1000 	/System/Library/PrivateFrameworks/AppleFSCompression.framework/Versions/A/AppleFSCompression
0x0000000007ac1000 	/System/Library/PrivateFrameworks/Ubiquity.framework/Versions/A/Ubiquity
0x0000000007ac1000 	/System/Library/Frameworks/ServiceManagement.framework/Versions/A/ServiceManagement
0x0000000007ac1000 	/System/Library/PrivateFrameworks/ChunkingLibrary.framework/Versions/A/ChunkingLibrary
0x0000000007ac1000 	/System/Library/Frameworks/vecLib.framework/Versions/A/vecLib
0x0000000007ac1000 	/System/Library/Frameworks/SecurityFoundation.framework/Versions/A/SecurityFoundation
0x0000000007ac1000 	/System/Library/PrivateFrameworks/CommerceKit.framework/Versions/A/Frameworks/CommerceCore.framework/Versions/A/CommerceCore
0x0000000007ac1000 	/System/Library/PrivateFrameworks/CoreSymbolication.framework/Versions/A/CoreSymbolication
0x0000000007ac1000 	/System/Library/PrivateFrameworks/Symbolication.framework/Versions/A/Symbolication
0x0000000007ac1000 	/System/Library/PrivateFrameworks/DebugSymbols.framework/Versions/A/DebugSymbols
0x000000010b786000 	/Library/Java/JavaVirtualMachines/jdk1.7.0_15.jdk/Contents/Home/jre/lib/server/libjvm.dylib
0x000000010c330000 	/Library/Java/JavaVirtualMachines/jdk1.7.0_15.jdk/Contents/Home/jre/lib/libverify.dylib
0x000000010c33d000 	/Library/Java/JavaVirtualMachines/jdk1.7.0_15.jdk/Contents/Home/jre/lib/libjava.dylib
0x000000010c3fa000 	/Library/Java/JavaVirtualMachines/jdk1.7.0_15.jdk/Contents/Home/jre/lib/libzip.dylib
0x000000015a9ec000 	/System/Library/Frameworks/JavaVM.framework/Frameworks/JavaRuntimeSupport.framework/JavaRuntimeSupport
0x000000015aa04000 	/System/Library/Frameworks/JavaVM.framework/Versions/A/Frameworks/JavaNativeFoundation.framework/Versions/A/JavaNativeFoundation
0x000000015aa19000 	/System/Library/Frameworks/JavaVM.framework/Versions/A/JavaVM
0x0000000007ac1000 	/System/Library/Frameworks/Carbon.framework/Versions/A/Carbon
0x000000010f4c4000 	/System/Library/PrivateFrameworks/JavaLaunching.framework/Versions/A/JavaLaunching
0x0000000007ac1000 	/System/Library/Frameworks/Carbon.framework/Versions/A/Frameworks/CommonPanels.framework/Versions/A/CommonPanels
0x0000000007ac1000 	/System/Library/Frameworks/Carbon.framework/Versions/A/Frameworks/Help.framework/Versions/A/Help
0x0000000007ac1000 	/System/Library/Frameworks/Carbon.framework/Versions/A/Frameworks/ImageCapture.framework/Versions/A/ImageCapture
0x0000000007ac1000 	/System/Library/Frameworks/Carbon.framework/Versions/A/Frameworks/OpenScripting.framework/Versions/A/OpenScripting
0x0000000007ac1000 	/System/Library/Frameworks/Carbon.framework/Versions/A/Frameworks/Print.framework/Versions/A/Print
0x0000000007ac1000 	/System/Library/Frameworks/Carbon.framework/Versions/A/Frameworks/SecurityHI.framework/Versions/A/SecurityHI
0x000000015b0ba000 	/Library/Java/JavaVirtualMachines/jdk1.7.0_15.jdk/Contents/Home/jre/lib/libawt.dylib
0x000000015b169000 	/Library/Java/JavaVirtualMachines/jdk1.7.0_15.jdk/Contents/Home/jre/lib/./libmlib_image.dylib
0x000000015b235000 	/Library/Java/JavaVirtualMachines/jdk1.7.0_15.jdk/Contents/Home/jre/lib/lwawt/liblwawt.dylib
0x000000015b2e7000 	/Library/Java/JavaVirtualMachines/jdk1.7.0_15.jdk/Contents/Home/jre/lib/libosxapp.dylib
0x000000015b303000 	/System/Library/Frameworks/ExceptionHandling.framework/Versions/A/ExceptionHandling
0x0000000007ac1000 	/System/Library/PrivateFrameworks/CoreServicesInternal.framework/Versions/A/CoreServicesInternal
0x0000000007ac1000 	/System/Library/PrivateFrameworks/Librarian.framework/Versions/A/Librarian
0x0000000007ac1000 	/System/Library/Frameworks/ApplicationServices.framework/Versions/A/Frameworks/CoreGraphics.framework/Versions/A/Resources/libCSync.A.dylib
0x0000000007ac1000 	/System/Library/Frameworks/ApplicationServices.framework/Versions/A/Frameworks/CoreGraphics.framework/Versions/A/Resources/libRIP.A.dylib
0x0000000007ac1000 	/System/Library/Frameworks/ApplicationServices.framework/Versions/A/Frameworks/CoreGraphics.framework/Versions/A/Resources/libCGXType.A.dylib
0x000000015f10c000 	/System/Library/Frameworks/OpenGL.framework/Resources/GLEngine.bundle/GLEngine
0x000000015f2fa000 	/System/Library/Frameworks/OpenGL.framework/Versions/A/Libraries/libGLProgrammability.dylib
0x0000000000000000 	/System/Library/Extensions/GeForceGLDriver.bundle/Contents/MacOS/GeForceGLDriver
0x000000015d6fc000 	/System/Library/PrivateFrameworks/GPUSupport.framework/Versions/A/Libraries/libGPUSupport.dylib
0x0000000007ac1000 	/System/Library/Extensions/GeForceGLDriver.bundle/Contents/MacOS/libclh.dylib
0x000000015f470000 	/System/Library/Extensions/AppleIntelHD4000GraphicsGLDriver.bundle/Contents/MacOS/AppleIntelHD4000GraphicsGLDriver
0x000000015fa54000 	/System/Library/Frameworks/OpenGL.framework/Resources//GLRendererFloat.bundle/GLRendererFloat
0x000000015d711000 	/System/Library/Frameworks/OpenCL.framework/Versions/A/Libraries/libcldcpuengine.dylib
0x0000000007ac1000 	/System/Library/PrivateFrameworks/DiskImages.framework/Versions/A/DiskImages
0x000000015d720000 	/System/Library/Frameworks/OpenGL.framework/Versions/A/Libraries/libCoreFSCache.dylib
0x0000000007ac1000 	/System/Library/Frameworks/DiscRecording.framework/Versions/A/DiscRecording
0x0000000007ac1000 	/usr/lib/libcurl.4.dylib
0x0000000007ac1000 	/System/Library/PrivateFrameworks/MediaKit.framework/Versions/A/MediaKit
0x0000000007ac1000 	/usr/lib/libssl.0.9.8.dylib
0x0000000007ac1000 	/usr/lib/libcrypto.0.9.8.dylib
0x0000000007ac1000 	/System/Library/Frameworks/LDAP.framework/Versions/A/LDAP
0x0000000007ac1000 	/usr/lib/libsasl2.2.dylib
0x0000000160239000 	/Library/Java/JavaVirtualMachines/jdk1.7.0_15.jdk/Contents/Home/jre/lib/libfontmanager.dylib
0x0000000160285000 	/Library/Java/JavaVirtualMachines/jdk1.7.0_15.jdk/Contents/Home/jre/lib/libosxui.dylib
0x00000001606a9000 	/Library/Java/JavaVirtualMachines/jdk1.7.0_15.jdk/Contents/Home/jre/lib/libnet.dylib
0x0000000160706000 	/Library/Java/JavaVirtualMachines/jdk1.7.0_15.jdk/Contents/Home/jre/lib/libnio.dylib
0x000000016082c000 	cl_kernels
0x00000001672e4000 	/System/Library/Frameworks/OpenCL.framework/Versions/A/Libraries/ImageFormats/unorm8_bgra.dylib
0x000000016081d000 	cl_kernels
0x0000000160822000 	cl_kernels
0x0000000160827000 	cl_kernels
0x0000000160830000 	cl_kernels
0x0000000160835000 	cl_kernels
0x0000000161c9d000 	cl_kernels
0x0000000161ca1000 	cl_kernels
0x0000000007ac1000 	/System/Library/Frameworks/ApplicationServices.framework/Versions/A/Frameworks/ATS.framework/Versions/A/Resources/libTrueTypeScaler.dylib

VM Arguments:
jvm_args: -Dfile.encoding=UTF-8 
java_command: BobVizDemo
Launcher Type: SUN_STANDARD

Environment Variables:
PATH=/usr/bin:/bin:/usr/sbin:/sbin
LD_LIBRARY_PATH=/Library/Java/JavaVirtualMachines/jdk1.7.0_15.jdk/Contents/Home/jre/lib/amd64:/Library/Java/JavaVirtualMachines/jdk1.7.0_15.jdk/Contents/Home/jre/lib/i386:
SHELL=/bin/bash

Signal Handlers:
SIGSEGV: [libjvm.dylib+0x4a361d], sa_mask[0]=0xfffefeff, sa_flags=0x00000042
SIGBUS: [libjvm.dylib+0x4a361d], sa_mask[0]=0xfffefeff, sa_flags=0x00000042
SIGFPE: [libjvm.dylib+0x3b302d], sa_mask[0]=0xfffefeff, sa_flags=0x00000042
SIGPIPE: [libjvm.dylib+0x3b302d], sa_mask[0]=0xfffefeff, sa_flags=0x00000042
SIGXFSZ: [libjvm.dylib+0x3b302d], sa_mask[0]=0xfffefeff, sa_flags=0x00000042
SIGILL: [libjvm.dylib+0x3b302d], sa_mask[0]=0xfffefeff, sa_flags=0x00000042
SIGUSR1: SIG_DFL, sa_mask[0]=0x00000000, sa_flags=0x00000002
SIGUSR2: [libjvm.dylib+0x3b2bc6], sa_mask[0]=0x00000004, sa_flags=0x00000042
SIGHUP: [libjvm.dylib+0x3b0e27], sa_mask[0]=0xfffefeff, sa_flags=0x00000042
SIGINT: SIG_IGN, sa_mask[0]=0x00000000, sa_flags=0x00000000
SIGTERM: [libjvm.dylib+0x3b0e27], sa_mask[0]=0xfffefeff, sa_flags=0x00000042
SIGQUIT: [libjvm.dylib+0x3b0e27], sa_mask[0]=0xfffefeff, sa_flags=0x00000042


---------------  S Y S T E M  ---------------

OS:Bsduname:Darwin 12.2.1 Darwin Kernel Version 12.2.1: Thu Oct 18 16:32:48 PDT 2012; root:xnu-2050.20.9~2/RELEASE_X86_64 x86_64
rlimit: STACK 8192k, CORE 0k, NPROC 709, NOFILE 10240, AS infinity
load average:1.42 1.05 1.01

CPU:total 8 (4 cores per cpu, 2 threads per core) family 6 model 58 stepping 9, cmov, cx8, fxsr, mmx, sse, sse2, sse3, ssse3, sse4.1, sse4.2, popcnt, avx, ht, tsc, tscinvbit, tscinv

Memory: 4k page, physical 4227724k(1056931k free)

/proc/meminfo:


vm_info: Java HotSpot(TM) 64-Bit Server VM (23.7-b01) for bsd-amd64 JRE (1.7.0_15-b03), built on Feb 15 2013 14:26:35 by "java_re" with gcc 4.2.1 (Based on Apple Inc. build 5658) (LLVM build 2336.11.00)

time: Mon Mar  4 06:15:18 2013
elapsed time: 20 seconds

